Arguments: 
  /usr/bin/node /usr/local/bin/yarn add @types/express-session

PATH: 
  /home/khali/.npm-global/bin:/usr/local/sbin:/usr/local/bin:/usr/sbin:/usr/bin:/sbin:/bin:/usr/games:/usr/local/games:/snap/bin:/home/khali/.npm-global/bin:/usr/local/sbin:/usr/local/bin:/usr/sbin:/usr/bin:/sbin:/bin:/usr/games:/usr/local/games:/snap/bin:/mnt/53b24d76-1a05-4297-bc46-77d7a243ddeb/react-native/Android/sdk/emulator:/home/khali/.npm-global/bin:/usr/local/sbin:/usr/local/bin:/usr/sbin:/usr/bin:/sbin:/bin:/usr/games:/usr/local/games:/snap/bin:/mnt/53b24d76-1a05-4297-bc46-77d7a243ddeb/react-native/Android/sdk/tools:/home/khali/.npm-global/bin:/usr/local/sbin:/usr/local/bin:/usr/sbin:/usr/bin:/sbin:/bin:/usr/games:/usr/local/games:/snap/bin:/mnt/53b24d76-1a05-4297-bc46-77d7a243ddeb/react-native/Android/sdk/tools/bin:/home/khali/.npm-global/bin:/usr/local/sbin:/usr/local/bin:/usr/sbin:/usr/bin:/sbin:/bin:/usr/games:/usr/local/games:/snap/bin:/mnt/53b24d76-1a05-4297-bc46-77d7a243ddeb/react-native/Android/sdk/platform-tools:/home/khali/.npm-global/bin:/usr/local/sbin:/usr/local/bin:/usr/sbin:/usr/bin:/sbin:/bin:/usr/games:/usr/local/games:/snap/bin:/mnt/53b24d76-1a05-4297-bc46-77d7a243ddeb/react-native/Android/sdk/tools:/home/khali/.npm-global/bin:/usr/local/sbin:/usr/local/bin:/usr/sbin:/usr/bin:/sbin:/bin:/usr/games:/usr/local/games:/snap/bin:/mnt/53b24d76-1a05-4297-bc46-77d7a243ddeb/react-native/Android/sdk/platform-tools:/home/khali/.npm-global/bin:/usr/local/sbin:/usr/local/bin:/usr/sbin:/usr/bin:/sbin:/bin:/usr/games:/usr/local/games:/snap/bin:/home/khali/.npm-global/bin:/usr/local/sbin:/usr/local/bin:/usr/sbin:/usr/bin:/sbin:/bin:/usr/games:/usr/local/games:/snap/bin:/mnt/53b24d76-1a05-4297-bc46-77d7a243ddeb/react-native/Android/sdk/emulator:/home/khali/.npm-global/bin:/usr/local/sbin:/usr/local/bin:/usr/sbin:/usr/bin:/sbin:/bin:/usr/games:/usr/local/games:/snap/bin:/mnt/53b24d76-1a05-4297-bc46-77d7a243ddeb/react-native/Android/sdk/tools:/home/khali/.npm-global/bin:/usr/local/sbin:/usr/local/bin:/usr/sbin:/usr/bin:/sbin:/bin:/usr/games:/usr/local/games:/snap/bin:/mnt/53b24d76-1a05-4297-bc46-77d7a243ddeb/react-native/Android/sdk/tools/bin:/home/khali/.npm-global/bin:/usr/local/sbin:/usr/local/bin:/usr/sbin:/usr/bin:/sbin:/bin:/usr/games:/usr/local/games:/snap/bin:/mnt/53b24d76-1a05-4297-bc46-77d7a243ddeb/react-native/Android/sdk/platform-tools:/home/khali/.npm-global/bin:/usr/local/sbin:/usr/local/bin:/usr/sbin:/usr/bin:/sbin:/bin:/usr/games:/usr/local/games:/snap/bin:/mnt/53b24d76-1a05-4297-bc46-77d7a243ddeb/react-native/Android/sdk/tools:/home/khali/.npm-global/bin:/usr/local/sbin:/usr/local/bin:/usr/sbin:/usr/bin:/sbin:/bin:/usr/games:/usr/local/games:/snap/bin:/mnt/53b24d76-1a05-4297-bc46-77d7a243ddeb/react-native/Android/sdk/platform-tools:/mnt/53b24d76-1a05-4297-bc46-77d7a243ddeb/react-native/Android/sdk/emulator:/home/khali/.npm-global/bin:/usr/local/sbin:/usr/local/bin:/usr/sbin:/usr/bin:/sbin:/bin:/usr/games:/usr/local/games:/snap/bin:/home/khali/.npm-global/bin:/usr/local/sbin:/usr/local/bin:/usr/sbin:/usr/bin:/sbin:/bin:/usr/games:/usr/local/games:/snap/bin:/mnt/53b24d76-1a05-4297-bc46-77d7a243ddeb/react-native/Android/sdk/emulator:/home/khali/.npm-global/bin:/usr/local/sbin:/usr/local/bin:/usr/sbin:/usr/bin:/sbin:/bin:/usr/games:/usr/local/games:/snap/bin:/mnt/53b24d76-1a05-4297-bc46-77d7a243ddeb/react-native/Android/sdk/tools:/home/khali/.npm-global/bin:/usr/local/sbin:/usr/local/bin:/usr/sbin:/usr/bin:/sbin:/bin:/usr/games:/usr/local/games:/snap/bin:/mnt/53b24d76-1a05-4297-bc46-77d7a243ddeb/react-native/Android/sdk/tools/bin:/home/khali/.npm-global/bin:/usr/local/sbin:/usr/local/bin:/usr/sbin:/usr/bin:/sbin:/bin:/usr/games:/usr/local/games:/snap/bin:/mnt/53b24d76-1a05-4297-bc46-77d7a243ddeb/react-native/Android/sdk/platform-tools:/home/khali/.npm-global/bin:/usr/local/sbin:/usr/local/bin:/usr/sbin:/usr/bin:/sbin:/bin:/usr/games:/usr/local/games:/snap/bin:/mnt/53b24d76-1a05-4297-bc46-77d7a243ddeb/react-native/Android/sdk/tools:/home/khali/.npm-global/bin:/usr/local/sbin:/usr/local/bin:/usr/sbin:/usr/bin:/sbin:/bin:/usr/games:/usr/local/games:/snap/bin:/mnt/53b24d76-1a05-4297-bc46-77d7a243ddeb/react-native/Android/sdk/platform-tools:/mnt/53b24d76-1a05-4297-bc46-77d7a243ddeb/react-native/Android/sdk/tools:/home/khali/.npm-global/bin:/usr/local/sbin:/usr/local/bin:/usr/sbin:/usr/bin:/sbin:/bin:/usr/games:/usr/local/games:/snap/bin:/home/khali/.npm-global/bin:/usr/local/sbin:/usr/local/bin:/usr/sbin:/usr/bin:/sbin:/bin:/usr/games:/usr/local/games:/snap/bin:/mnt/53b24d76-1a05-4297-bc46-77d7a243ddeb/react-native/Android/sdk/emulator:/home/khali/.npm-global/bin:/usr/local/sbin:/usr/local/bin:/usr/sbin:/usr/bin:/sbin:/bin:/usr/games:/usr/local/games:/snap/bin:/mnt/53b24d76-1a05-4297-bc46-77d7a243ddeb/react-native/Android/sdk/tools:/home/khali/.npm-global/bin:/usr/local/sbin:/usr/local/bin:/usr/sbin:/usr/bin:/sbin:/bin:/usr/games:/usr/local/games:/snap/bin:/mnt/53b24d76-1a05-4297-bc46-77d7a243ddeb/react-native/Android/sdk/tools/bin:/home/khali/.npm-global/bin:/usr/local/sbin:/usr/local/bin:/usr/sbin:/usr/bin:/sbin:/bin:/usr/games:/usr/local/games:/snap/bin:/mnt/53b24d76-1a05-4297-bc46-77d7a243ddeb/react-native/Android/sdk/platform-tools:/home/khali/.npm-global/bin:/usr/local/sbin:/usr/local/bin:/usr/sbin:/usr/bin:/sbin:/bin:/usr/games:/usr/local/games:/snap/bin:/mnt/53b24d76-1a05-4297-bc46-77d7a243ddeb/react-native/Android/sdk/tools:/home/khali/.npm-global/bin:/usr/local/sbin:/usr/local/bin:/usr/sbin:/usr/bin:/sbin:/bin:/usr/games:/usr/local/games:/snap/bin:/mnt/53b24d76-1a05-4297-bc46-77d7a243ddeb/react-native/Android/sdk/platform-tools:/mnt/53b24d76-1a05-4297-bc46-77d7a243ddeb/react-native/Android/sdk/tools/bin:/home/khali/.npm-global/bin:/usr/local/sbin:/usr/local/bin:/usr/sbin:/usr/bin:/sbin:/bin:/usr/games:/usr/local/games:/snap/bin:/home/khali/.npm-global/bin:/usr/local/sbin:/usr/local/bin:/usr/sbin:/usr/bin:/sbin:/bin:/usr/games:/usr/local/games:/snap/bin:/mnt/53b24d76-1a05-4297-bc46-77d7a243ddeb/react-native/Android/sdk/emulator:/home/khali/.npm-global/bin:/usr/local/sbin:/usr/local/bin:/usr/sbin:/usr/bin:/sbin:/bin:/usr/games:/usr/local/games:/snap/bin:/mnt/53b24d76-1a05-4297-bc46-77d7a243ddeb/react-native/Android/sdk/tools:/home/khali/.npm-global/bin:/usr/local/sbin:/usr/local/bin:/usr/sbin:/usr/bin:/sbin:/bin:/usr/games:/usr/local/games:/snap/bin:/mnt/53b24d76-1a05-4297-bc46-77d7a243ddeb/react-native/Android/sdk/tools/bin:/home/khali/.npm-global/bin:/usr/local/sbin:/usr/local/bin:/usr/sbin:/usr/bin:/sbin:/bin:/usr/games:/usr/local/games:/snap/bin:/mnt/53b24d76-1a05-4297-bc46-77d7a243ddeb/react-native/Android/sdk/platform-tools:/home/khali/.npm-global/bin:/usr/local/sbin:/usr/local/bin:/usr/sbin:/usr/bin:/sbin:/bin:/usr/games:/usr/local/games:/snap/bin:/mnt/53b24d76-1a05-4297-bc46-77d7a243ddeb/react-native/Android/sdk/tools:/home/khali/.npm-global/bin:/usr/local/sbin:/usr/local/bin:/usr/sbin:/usr/bin:/sbin:/bin:/usr/games:/usr/local/games:/snap/bin:/mnt/53b24d76-1a05-4297-bc46-77d7a243ddeb/react-native/Android/sdk/platform-tools:/mnt/53b24d76-1a05-4297-bc46-77d7a243ddeb/react-native/Android/sdk/platform-tools:/home/khali/.npm-global/bin:/usr/local/sbin:/usr/local/bin:/usr/sbin:/usr/bin:/sbin:/bin:/usr/games:/usr/local/games:/snap/bin:/home/khali/.npm-global/bin:/usr/local/sbin:/usr/local/bin:/usr/sbin:/usr/bin:/sbin:/bin:/usr/games:/usr/local/games:/snap/bin:/mnt/53b24d76-1a05-4297-bc46-77d7a243ddeb/react-native/Android/sdk/emulator:/home/khali/.npm-global/bin:/usr/local/sbin:/usr/local/bin:/usr/sbin:/usr/bin:/sbin:/bin:/usr/games:/usr/local/games:/snap/bin:/mnt/53b24d76-1a05-4297-bc46-77d7a243ddeb/react-native/Android/sdk/tools:/home/khali/.npm-global/bin:/usr/local/sbin:/usr/local/bin:/usr/sbin:/usr/bin:/sbin:/bin:/usr/games:/usr/local/games:/snap/bin:/mnt/53b24d76-1a05-4297-bc46-77d7a243ddeb/react-native/Android/sdk/tools/bin:/home/khali/.npm-global/bin:/usr/local/sbin:/usr/local/bin:/usr/sbin:/usr/bin:/sbin:/bin:/usr/games:/usr/local/games:/snap/bin:/mnt/53b24d76-1a05-4297-bc46-77d7a243ddeb/react-native/Android/sdk/platform-tools:/home/khali/.npm-global/bin:/usr/local/sbin:/usr/local/bin:/usr/sbin:/usr/bin:/sbin:/bin:/usr/games:/usr/local/games:/snap/bin:/mnt/53b24d76-1a05-4297-bc46-77d7a243ddeb/react-native/Android/sdk/tools:/home/khali/.npm-global/bin:/usr/local/sbin:/usr/local/bin:/usr/sbin:/usr/bin:/sbin:/bin:/usr/games:/usr/local/games:/snap/bin:/mnt/53b24d76-1a05-4297-bc46-77d7a243ddeb/react-native/Android/sdk/platform-tools:/mnt/53b24d76-1a05-4297-bc46-77d7a243ddeb/react-native/Android/sdk/tools:/home/khali/.npm-global/bin:/usr/local/sbin:/usr/local/bin:/usr/sbin:/usr/bin:/sbin:/bin:/usr/games:/usr/local/games:/snap/bin:/home/khali/.npm-global/bin:/usr/local/sbin:/usr/local/bin:/usr/sbin:/usr/bin:/sbin:/bin:/usr/games:/usr/local/games:/snap/bin:/mnt/53b24d76-1a05-4297-bc46-77d7a243ddeb/react-native/Android/sdk/emulator:/home/khali/.npm-global/bin:/usr/local/sbin:/usr/local/bin:/usr/sbin:/usr/bin:/sbin:/bin:/usr/games:/usr/local/games:/snap/bin:/mnt/53b24d76-1a05-4297-bc46-77d7a243ddeb/react-native/Android/sdk/tools:/home/khali/.npm-global/bin:/usr/local/sbin:/usr/local/bin:/usr/sbin:/usr/bin:/sbin:/bin:/usr/games:/usr/local/games:/snap/bin:/mnt/53b24d76-1a05-4297-bc46-77d7a243ddeb/react-native/Android/sdk/tools/bin:/home/khali/.npm-global/bin:/usr/local/sbin:/usr/local/bin:/usr/sbin:/usr/bin:/sbin:/bin:/usr/games:/usr/local/games:/snap/bin:/mnt/53b24d76-1a05-4297-bc46-77d7a243ddeb/react-native/Android/sdk/platform-tools:/home/khali/.npm-global/bin:/usr/local/sbin:/usr/local/bin:/usr/sbin:/usr/bin:/sbin:/bin:/usr/games:/usr/local/games:/snap/bin:/mnt/53b24d76-1a05-4297-bc46-77d7a243ddeb/react-native/Android/sdk/tools:/home/khali/.npm-global/bin:/usr/local/sbin:/usr/local/bin:/usr/sbin:/usr/bin:/sbin:/bin:/usr/games:/usr/local/games:/snap/bin:/mnt/53b24d76-1a05-4297-bc46-77d7a243ddeb/react-native/Android/sdk/platform-tools:/mnt/53b24d76-1a05-4297-bc46-77d7a243ddeb/react-native/Android/sdk/platform-tools

Yarn version: 
  1.22.4

Node version: 
  10.19.0

Platform: 
  linux x64

Trace: 
  SyntaxError: /home/khali/.cache/yarn/v6/npm-ts-mongoose-0.0.21-8be3769863e89919da8020351855726d09f7126a-integrity/node_modules/ts-mongoose/.yarn-metadata.json: Unexpected end of JSON input
      at JSON.parse (<anonymous>)
      at /usr/local/lib/node_modules/yarn/lib/cli.js:1625:59
      at Generator.next (<anonymous>)
      at step (/usr/local/lib/node_modules/yarn/lib/cli.js:310:30)
      at /usr/local/lib/node_modules/yarn/lib/cli.js:321:13

npm manifest: 
  {
    "name": "confusionserver",
    "version": "0.0.0",
    "private": true,
    "scripts": {
      "start": "ts-node-dev --respawn ./bin/www"
    },
    "dependencies": {
      "@types/express": "^4.17.7",
      "@types/mongoose": "^5.7.36",
      "@types/morgan": "^1.9.1",
      "@types/node": "^14.6.2",
      "cookie-parser": "~1.4.4",
      "debug": "~2.6.9",
      "express": "~4.16.1",
      "express-session": "^1.17.1",
      "http-errors": "~1.6.3",
      "jade": "~1.11.0",
      "mongoose": "^5.10.2",
      "mongoose-currency": "^0.2.0",
      "morgan": "~1.9.1",
      "session-file-store": "^1.4.0",
      "ts-mongoose": "^0.0.21",
      "ts-node-dev": "^1.0.0-pre.61",
      "typescript": "^4.0.2"
    }
  }

yarn manifest: 
  No manifest

Lockfile: 
  No lockfile
